<?xml version="1.0" encoding="UTF-8"?>
<!-- Generated by org.testng.reporters.JUnitXMLReporter -->
<testsuite ignored="0" hostname="LTIN203454" failures="0" tests="7" name="Test" time="55.763" errors="0" timestamp="2024-02-28T09:58:46 IST">
  <testcase classname="testCases.TC_01" name="carloan" time="1.28"/>
  <testcase classname="testCases.TC_01" name="carloan2" time="1.226"/>
  <testcase classname="testCases.TC_01" name="homeloan" time="14.657"/>
  <testcase classname="testCases.TC_01" name="homeloan2" time="14.14"/>
  <testcase classname="testCases.TC_01" name="UIcheck" time="4.424"/>
  <testcase classname="testCases.TC_01" name="UIcheck2" time="0.685"/>
  <testcase classname="testCases.TC_01" name="UIcheck3" time="0.181"/>
</testsuite> <!-- Test -->
