<?xml version="1.0" encoding="UTF-8"?>
<testng-results ignored="0" total="7" passed="7" failed="0" skipped="0">
  <reporter-output>
  </reporter-output>
  <suite started-at="2024-02-28T09:57:50 IST" name="Suite" finished-at="2024-02-28T09:58:46 IST" duration-ms="55763">
    <groups>
    </groups>
    <test started-at="2024-02-28T09:57:50 IST" name="Test" finished-at="2024-02-28T09:58:46 IST" duration-ms="55763">
      <class name="testCases.TC_01">
        <test-method is-config="true" signature="openbrowser(java.lang.String,java.lang.String)[pri:0, instance:testCases.TC_01@4f80542f]" started-at="2024-02-28T09:57:51 IST" name="openbrowser" finished-at="2024-02-28T09:58:06 IST" duration-ms="15337" status="PASS">
          <params>
            <param index="0">
              <value>
                <![CDATA[windows]]>
              </value>
            </param>
            <param index="1">
              <value>
                <![CDATA[Chrome]]>
              </value>
            </param>
          </params>
          <reporter-output>
          </reporter-output>
        </test-method> <!-- openbrowser -->
        <test-method signature="carloan(java.lang.String)[pri:1, instance:testCases.TC_01@4f80542f]" started-at="2024-02-28T09:58:06 IST" name="carloan" finished-at="2024-02-28T09:58:08 IST" duration-ms="1280" status="PASS">
          <params>
            <param index="0">
              <value>
                <![CDATA[Chrome]]>
              </value>
            </param>
          </params>
          <reporter-output>
          </reporter-output>
        </test-method> <!-- carloan -->
        <test-method signature="carloan2(java.lang.String)[pri:2, instance:testCases.TC_01@4f80542f]" started-at="2024-02-28T09:58:08 IST" name="carloan2" finished-at="2024-02-28T09:58:09 IST" duration-ms="1226" status="PASS">
          <params>
            <param index="0">
              <value>
                <![CDATA[Chrome]]>
              </value>
            </param>
          </params>
          <reporter-output>
          </reporter-output>
        </test-method> <!-- carloan2 -->
        <test-method signature="homeloan(java.lang.String)[pri:3, instance:testCases.TC_01@4f80542f]" started-at="2024-02-28T09:58:09 IST" name="homeloan" finished-at="2024-02-28T09:58:24 IST" duration-ms="14657" status="PASS">
          <params>
            <param index="0">
              <value>
                <![CDATA[Chrome]]>
              </value>
            </param>
          </params>
          <reporter-output>
          </reporter-output>
        </test-method> <!-- homeloan -->
        <test-method signature="homeloan2(java.lang.String)[pri:4, instance:testCases.TC_01@4f80542f]" started-at="2024-02-28T09:58:24 IST" name="homeloan2" finished-at="2024-02-28T09:58:38 IST" duration-ms="14140" status="PASS">
          <params>
            <param index="0">
              <value>
                <![CDATA[Chrome]]>
              </value>
            </param>
          </params>
          <reporter-output>
          </reporter-output>
        </test-method> <!-- homeloan2 -->
        <test-method signature="UIcheck(java.lang.String)[pri:5, instance:testCases.TC_01@4f80542f]" started-at="2024-02-28T09:58:39 IST" name="UIcheck" finished-at="2024-02-28T09:58:43 IST" duration-ms="4424" status="PASS">
          <params>
            <param index="0">
              <value>
                <![CDATA[Chrome]]>
              </value>
            </param>
          </params>
          <reporter-output>
          </reporter-output>
        </test-method> <!-- UIcheck -->
        <test-method signature="UIcheck2(java.lang.String)[pri:6, instance:testCases.TC_01@4f80542f]" started-at="2024-02-28T09:58:43 IST" name="UIcheck2" finished-at="2024-02-28T09:58:44 IST" duration-ms="685" status="PASS">
          <params>
            <param index="0">
              <value>
                <![CDATA[Chrome]]>
              </value>
            </param>
          </params>
          <reporter-output>
          </reporter-output>
        </test-method> <!-- UIcheck2 -->
        <test-method signature="UIcheck3(java.lang.String)[pri:7, instance:testCases.TC_01@4f80542f]" started-at="2024-02-28T09:58:44 IST" name="UIcheck3" finished-at="2024-02-28T09:58:44 IST" duration-ms="181" status="PASS">
          <params>
            <param index="0">
              <value>
                <![CDATA[Chrome]]>
              </value>
            </param>
          </params>
          <reporter-output>
          </reporter-output>
        </test-method> <!-- UIcheck3 -->
        <test-method is-config="true" signature="closebrowser()[pri:0, instance:testCases.TC_01@4f80542f]" started-at="2024-02-28T09:58:45 IST" name="closebrowser" finished-at="2024-02-28T09:58:46 IST" duration-ms="1232" status="PASS">
          <reporter-output>
          </reporter-output>
        </test-method> <!-- closebrowser -->
      </class> <!-- testCases.TC_01 -->
    </test> <!-- Test -->
  </suite> <!-- Suite -->
</testng-results>
